0 info it worked if it ends with ok
1 verbose cli [ '/usr/local/bin/node', '/usr/local/bin/npm', 'install' ]
2 info using npm@2.14.12
3 info using node@v4.3.0
4 verbose readDependencies loading dependencies from /Users/gmwang/GitHub/Techbridge/package.json
5 warn package.json rolemodels@0.0.1 No license field.
6 warn package.json Dependency 'babel-plugin-es6-promise' exists in both dependencies and devDependencies, using 'babel-plugin-es6-promise@^1.0.0' from dependencies
7 warn package.json Dependency 'babel-plugin-react-intl' exists in both dependencies and devDependencies, using 'babel-plugin-react-intl@^2.1.1' from dependencies
8 verbose install where, deps [ '/Users/gmwang/GitHub/Techbridge',
8 verbose install   [ 'babel',
8 verbose install     'babel-plugin-es6-promise',
8 verbose install     'babel-plugin-react-intl',
8 verbose install     'compression',
8 verbose install     'es6-promise',
8 verbose install     'express',
8 verbose install     'express-handlebars',
8 verbose install     'history',
8 verbose install     'pre-push',
8 verbose install     'react',
8 verbose install     'react-dom',
8 verbose install     'react-intl',
8 verbose install     'react-redux',
8 verbose install     'react-router',
8 verbose install     'redux',
8 verbose install     'redux-thunk',
8 verbose install     'request',
8 verbose install     'babel-cli',
8 verbose install     'babel-core',
8 verbose install     'babel-eslint',
8 verbose install     'babel-plugin-transform-class-properties',
8 verbose install     'babel-plugin-transform-decorators-legacy',
8 verbose install     'babel-plugin-transform-es2015-classes',
8 verbose install     'babel-plugin-transform-object-assign',
8 verbose install     'babel-plugin-transform-proto-to-assign',
8 verbose install     'babel-preset-es2015',
8 verbose install     'babel-preset-react',
8 verbose install     'babel-preset-stage-0',
8 verbose install     'babelify',
8 verbose install     'browser-sync',
8 verbose install     'browserify',
8 verbose install     'eslint',
8 verbose install     'eslint-plugin-import',
8 verbose install     'eslint-plugin-react',
8 verbose install     'event-stream',
8 verbose install     'fs',
8 verbose install     'glob',
8 verbose install     'gulp',
8 verbose install     'gulp-autoprefixer',
8 verbose install     'gulp-concat',
8 verbose install     'gulp-eslint',
8 verbose install     'gulp-nodemon',
8 verbose install     'gulp-notify',
8 verbose install     'gulp-sass',
8 verbose install     'gulp-sourcemaps',
8 verbose install     'gulp-uglify',
8 verbose install     'rimraf',
8 verbose install     'run-sequence',
8 verbose install     'vinyl-buffer',
8 verbose install     'vinyl-source-stream',
8 verbose install     'watchify' ] ]
9 verbose install where, peers [ '/Users/gmwang/GitHub/Techbridge', [] ]
10 verbose installManyTop reading for lifecycle /Users/gmwang/GitHub/Techbridge/package.json
11 info preinstall rolemodels@0.0.1
12 verbose installManyTop reading scoped package data from /Users/gmwang/GitHub/Techbridge/node_modules/babel/package.json
13 verbose installManyTop reading scoped package data from /Users/gmwang/GitHub/Techbridge/node_modules/babel-cli/package.json
14 verbose installManyTop reading scoped package data from /Users/gmwang/GitHub/Techbridge/node_modules/babel-core/package.json
15 verbose installManyTop reading scoped package data from /Users/gmwang/GitHub/Techbridge/node_modules/babel-eslint/package.json
16 verbose installManyTop reading scoped package data from /Users/gmwang/GitHub/Techbridge/node_modules/babel-plugin-es6-promise/package.json
17 verbose installManyTop reading scoped package data from /Users/gmwang/GitHub/Techbridge/node_modules/babel-plugin-react-intl/package.json
18 verbose installManyTop reading scoped package data from /Users/gmwang/GitHub/Techbridge/node_modules/babel-plugin-transform-class-properties/package.json
19 verbose installManyTop reading scoped package data from /Users/gmwang/GitHub/Techbridge/node_modules/babel-plugin-transform-decorators-legacy/package.json
20 verbose installManyTop reading scoped package data from /Users/gmwang/GitHub/Techbridge/node_modules/babel-plugin-transform-es2015-classes/package.json
21 verbose installManyTop reading scoped package data from /Users/gmwang/GitHub/Techbridge/node_modules/babel-plugin-transform-object-assign/package.json
22 verbose installManyTop reading scoped package data from /Users/gmwang/GitHub/Techbridge/node_modules/babel-plugin-transform-proto-to-assign/package.json
23 verbose installManyTop reading scoped package data from /Users/gmwang/GitHub/Techbridge/node_modules/babel-preset-es2015/package.json
24 verbose installManyTop reading scoped package data from /Users/gmwang/GitHub/Techbridge/node_modules/babel-preset-react/package.json
25 verbose installManyTop reading scoped package data from /Users/gmwang/GitHub/Techbridge/node_modules/babel-preset-stage-0/package.json
26 verbose installManyTop reading scoped package data from /Users/gmwang/GitHub/Techbridge/node_modules/babelify/package.json
27 verbose installManyTop reading scoped package data from /Users/gmwang/GitHub/Techbridge/node_modules/browser-sync/package.json
28 verbose installManyTop reading scoped package data from /Users/gmwang/GitHub/Techbridge/node_modules/browserify/package.json
29 verbose installManyTop reading scoped package data from /Users/gmwang/GitHub/Techbridge/node_modules/compression/package.json
30 verbose installManyTop reading scoped package data from /Users/gmwang/GitHub/Techbridge/node_modules/es6-promise/package.json
31 verbose installManyTop reading scoped package data from /Users/gmwang/GitHub/Techbridge/node_modules/eslint/package.json
32 verbose installManyTop reading scoped package data from /Users/gmwang/GitHub/Techbridge/node_modules/eslint-plugin-import/package.json
33 verbose installManyTop reading scoped package data from /Users/gmwang/GitHub/Techbridge/node_modules/eslint-plugin-react/package.json
34 verbose installManyTop reading scoped package data from /Users/gmwang/GitHub/Techbridge/node_modules/event-stream/package.json
35 verbose installManyTop reading scoped package data from /Users/gmwang/GitHub/Techbridge/node_modules/express/package.json
36 verbose installManyTop reading scoped package data from /Users/gmwang/GitHub/Techbridge/node_modules/express-handlebars/package.json
37 verbose installManyTop reading scoped package data from /Users/gmwang/GitHub/Techbridge/node_modules/fs/package.json
38 verbose installManyTop reading scoped package data from /Users/gmwang/GitHub/Techbridge/node_modules/glob/package.json
39 verbose installManyTop reading scoped package data from /Users/gmwang/GitHub/Techbridge/node_modules/gulp/package.json
40 verbose installManyTop reading scoped package data from /Users/gmwang/GitHub/Techbridge/node_modules/gulp-autoprefixer/package.json
41 verbose installManyTop reading scoped package data from /Users/gmwang/GitHub/Techbridge/node_modules/gulp-concat/package.json
42 verbose installManyTop reading scoped package data from /Users/gmwang/GitHub/Techbridge/node_modules/gulp-eslint/package.json
43 verbose installManyTop reading scoped package data from /Users/gmwang/GitHub/Techbridge/node_modules/gulp-nodemon/package.json
44 verbose installManyTop reading scoped package data from /Users/gmwang/GitHub/Techbridge/node_modules/gulp-notify/package.json
45 verbose installManyTop reading scoped package data from /Users/gmwang/GitHub/Techbridge/node_modules/gulp-sass/package.json
46 verbose installManyTop reading scoped package data from /Users/gmwang/GitHub/Techbridge/node_modules/gulp-sourcemaps/package.json
47 verbose installManyTop reading scoped package data from /Users/gmwang/GitHub/Techbridge/node_modules/gulp-uglify/package.json
48 verbose installManyTop reading scoped package data from /Users/gmwang/GitHub/Techbridge/node_modules/history/package.json
49 verbose installManyTop reading scoped package data from /Users/gmwang/GitHub/Techbridge/node_modules/pre-push/package.json
50 verbose installManyTop reading scoped package data from /Users/gmwang/GitHub/Techbridge/node_modules/react/package.json
51 verbose installManyTop reading scoped package data from /Users/gmwang/GitHub/Techbridge/node_modules/react-dom/package.json
52 verbose installManyTop reading scoped package data from /Users/gmwang/GitHub/Techbridge/node_modules/react-intl/package.json
53 verbose installManyTop reading scoped package data from /Users/gmwang/GitHub/Techbridge/node_modules/react-redux/package.json
54 verbose installManyTop reading scoped package data from /Users/gmwang/GitHub/Techbridge/node_modules/react-router/package.json
55 verbose installManyTop reading scoped package data from /Users/gmwang/GitHub/Techbridge/node_modules/redux/package.json
56 verbose installManyTop reading scoped package data from /Users/gmwang/GitHub/Techbridge/node_modules/redux-thunk/package.json
57 verbose installManyTop reading scoped package data from /Users/gmwang/GitHub/Techbridge/node_modules/request/package.json
58 verbose installManyTop reading scoped package data from /Users/gmwang/GitHub/Techbridge/node_modules/rimraf/package.json
59 verbose installManyTop reading scoped package data from /Users/gmwang/GitHub/Techbridge/node_modules/run-sequence/package.json
60 verbose installManyTop reading scoped package data from /Users/gmwang/GitHub/Techbridge/node_modules/vinyl-buffer/package.json
61 verbose installManyTop reading scoped package data from /Users/gmwang/GitHub/Techbridge/node_modules/vinyl-source-stream/package.json
62 verbose installManyTop reading scoped package data from /Users/gmwang/GitHub/Techbridge/node_modules/watchify/package.json
63 info package.json eslint-plugin-react@5.2.2 No README data
64 info package.json fs@0.0.2 fs is also the name of a node core module.
65 info package.json fs@0.0.2 No description
66 info package.json fs@0.0.2 No repository field.
67 info package.json fs@0.0.2 No README data
68 info package.json history@3.0.0 No README data
69 info package.json react-intl@2.1.3 No README data
70 info package.json gulp-notify@2.2.0 No license field.
71 verbose readDependencies loading dependencies from /Users/gmwang/GitHub/Techbridge/package.json
72 verbose targetResolver reading package data from /Users/gmwang/GitHub/Techbridge/node_modules/babel/package.json
73 verbose targetResolver reading package data from /Users/gmwang/GitHub/Techbridge/node_modules/babel-cli/package.json
74 verbose targetResolver reading package data from /Users/gmwang/GitHub/Techbridge/node_modules/babel-core/package.json
75 verbose targetResolver reading package data from /Users/gmwang/GitHub/Techbridge/node_modules/babel-eslint/package.json
76 verbose targetResolver reading package data from /Users/gmwang/GitHub/Techbridge/node_modules/babel-plugin-es6-promise/package.json
77 verbose targetResolver reading package data from /Users/gmwang/GitHub/Techbridge/node_modules/babel-plugin-react-intl/package.json
78 verbose targetResolver reading package data from /Users/gmwang/GitHub/Techbridge/node_modules/babel-plugin-transform-class-properties/package.json
79 verbose targetResolver reading package data from /Users/gmwang/GitHub/Techbridge/node_modules/babel-plugin-transform-decorators-legacy/package.json
80 verbose targetResolver reading package data from /Users/gmwang/GitHub/Techbridge/node_modules/babel-plugin-transform-es2015-classes/package.json
81 verbose targetResolver reading package data from /Users/gmwang/GitHub/Techbridge/node_modules/babel-plugin-transform-object-assign/package.json
82 verbose targetResolver reading package data from /Users/gmwang/GitHub/Techbridge/node_modules/babel-plugin-transform-proto-to-assign/package.json
83 verbose targetResolver reading package data from /Users/gmwang/GitHub/Techbridge/node_modules/babel-preset-es2015/package.json
84 verbose targetResolver reading package data from /Users/gmwang/GitHub/Techbridge/node_modules/babel-preset-react/package.json
85 verbose targetResolver reading package data from /Users/gmwang/GitHub/Techbridge/node_modules/babel-preset-stage-0/package.json
86 verbose targetResolver reading package data from /Users/gmwang/GitHub/Techbridge/node_modules/babelify/package.json
87 verbose targetResolver reading package data from /Users/gmwang/GitHub/Techbridge/node_modules/browser-sync/package.json
88 verbose targetResolver reading package data from /Users/gmwang/GitHub/Techbridge/node_modules/browserify/package.json
89 verbose targetResolver reading package data from /Users/gmwang/GitHub/Techbridge/node_modules/compression/package.json
90 verbose targetResolver reading package data from /Users/gmwang/GitHub/Techbridge/node_modules/es6-promise/package.json
91 verbose targetResolver reading package data from /Users/gmwang/GitHub/Techbridge/node_modules/eslint/package.json
92 verbose targetResolver reading package data from /Users/gmwang/GitHub/Techbridge/node_modules/eslint-plugin-import/package.json
93 verbose targetResolver reading package data from /Users/gmwang/GitHub/Techbridge/node_modules/eslint-plugin-react/package.json
94 verbose targetResolver reading package data from /Users/gmwang/GitHub/Techbridge/node_modules/event-stream/package.json
95 verbose targetResolver reading package data from /Users/gmwang/GitHub/Techbridge/node_modules/express/package.json
96 verbose targetResolver reading package data from /Users/gmwang/GitHub/Techbridge/node_modules/express-handlebars/package.json
97 verbose targetResolver reading package data from /Users/gmwang/GitHub/Techbridge/node_modules/fs/package.json
98 verbose targetResolver reading package data from /Users/gmwang/GitHub/Techbridge/node_modules/glob/package.json
99 verbose targetResolver reading package data from /Users/gmwang/GitHub/Techbridge/node_modules/gulp/package.json
100 verbose targetResolver reading package data from /Users/gmwang/GitHub/Techbridge/node_modules/gulp-autoprefixer/package.json
101 verbose targetResolver reading package data from /Users/gmwang/GitHub/Techbridge/node_modules/gulp-concat/package.json
102 verbose targetResolver reading package data from /Users/gmwang/GitHub/Techbridge/node_modules/gulp-eslint/package.json
103 verbose targetResolver reading package data from /Users/gmwang/GitHub/Techbridge/node_modules/gulp-nodemon/package.json
104 verbose targetResolver reading package data from /Users/gmwang/GitHub/Techbridge/node_modules/gulp-notify/package.json
105 verbose targetResolver reading package data from /Users/gmwang/GitHub/Techbridge/node_modules/gulp-sass/package.json
106 verbose targetResolver reading package data from /Users/gmwang/GitHub/Techbridge/node_modules/gulp-sourcemaps/package.json
107 verbose targetResolver reading package data from /Users/gmwang/GitHub/Techbridge/node_modules/gulp-uglify/package.json
108 verbose targetResolver reading package data from /Users/gmwang/GitHub/Techbridge/node_modules/history/package.json
109 verbose targetResolver reading package data from /Users/gmwang/GitHub/Techbridge/node_modules/pre-push/package.json
110 verbose targetResolver reading package data from /Users/gmwang/GitHub/Techbridge/node_modules/react/package.json
111 verbose targetResolver reading package data from /Users/gmwang/GitHub/Techbridge/node_modules/react-dom/package.json
112 verbose targetResolver reading package data from /Users/gmwang/GitHub/Techbridge/node_modules/react-intl/package.json
113 verbose targetResolver reading package data from /Users/gmwang/GitHub/Techbridge/node_modules/react-redux/package.json
114 verbose targetResolver reading package data from /Users/gmwang/GitHub/Techbridge/node_modules/react-router/package.json
115 verbose targetResolver reading package data from /Users/gmwang/GitHub/Techbridge/node_modules/redux/package.json
116 verbose targetResolver reading package data from /Users/gmwang/GitHub/Techbridge/node_modules/redux-thunk/package.json
117 verbose targetResolver reading package data from /Users/gmwang/GitHub/Techbridge/node_modules/request/package.json
118 verbose targetResolver reading package data from /Users/gmwang/GitHub/Techbridge/node_modules/rimraf/package.json
119 verbose targetResolver reading package data from /Users/gmwang/GitHub/Techbridge/node_modules/run-sequence/package.json
120 verbose targetResolver reading package data from /Users/gmwang/GitHub/Techbridge/node_modules/vinyl-buffer/package.json
121 verbose targetResolver reading package data from /Users/gmwang/GitHub/Techbridge/node_modules/vinyl-source-stream/package.json
122 verbose targetResolver reading package data from /Users/gmwang/GitHub/Techbridge/node_modules/watchify/package.json
123 verbose targetResolver reading package data from /Users/gmwang/GitHub/Techbridge/node_modules/.bin/gulp/package.json
124 verbose already installed skipping babel-plugin-transform-decorators-legacy@^1.3.4 /Users/gmwang/GitHub/Techbridge
125 verbose already installed skipping babel-plugin-transform-es2015-classes@^6.9.0 /Users/gmwang/GitHub/Techbridge
126 verbose already installed skipping babel-plugin-transform-object-assign@^6.8.0 /Users/gmwang/GitHub/Techbridge
127 verbose already installed skipping babel-plugin-transform-proto-to-assign@^6.9.0 /Users/gmwang/GitHub/Techbridge
128 verbose already installed skipping babel-preset-es2015@^6.3.13 /Users/gmwang/GitHub/Techbridge
129 verbose already installed skipping babel-preset-react@^6.3.13 /Users/gmwang/GitHub/Techbridge
130 verbose already installed skipping babel-preset-stage-0@^6.5.0 /Users/gmwang/GitHub/Techbridge
131 verbose already installed skipping babelify@^7.2.0 /Users/gmwang/GitHub/Techbridge
132 verbose already installed skipping browser-sync@^2.11.1 /Users/gmwang/GitHub/Techbridge
133 verbose already installed skipping browserify@^13.0.0 /Users/gmwang/GitHub/Techbridge
134 verbose already installed skipping eslint@^2.8.0 /Users/gmwang/GitHub/Techbridge
135 verbose already installed skipping eslint-plugin-import@^1.6.0 /Users/gmwang/GitHub/Techbridge
136 verbose already installed skipping eslint-plugin-react@^5.0.1 /Users/gmwang/GitHub/Techbridge
137 verbose already installed skipping event-stream@^3.3.2 /Users/gmwang/GitHub/Techbridge
138 verbose already installed skipping fs@^0.0.2 /Users/gmwang/GitHub/Techbridge
139 verbose already installed skipping glob@^7.0.3 /Users/gmwang/GitHub/Techbridge
140 verbose already installed skipping gulp@^3.9.0 /Users/gmwang/GitHub/Techbridge
141 verbose already installed skipping gulp-autoprefixer@^3.1.0 /Users/gmwang/GitHub/Techbridge
142 verbose already installed skipping gulp-concat@^2.6.0 /Users/gmwang/GitHub/Techbridge
143 verbose already installed skipping gulp-eslint@^2.0.0 /Users/gmwang/GitHub/Techbridge
144 verbose already installed skipping gulp-nodemon@^2.0.6 /Users/gmwang/GitHub/Techbridge
145 verbose already installed skipping gulp-notify@^2.2.0 /Users/gmwang/GitHub/Techbridge
146 verbose already installed skipping gulp-sass@^2.1.1 /Users/gmwang/GitHub/Techbridge
147 verbose already installed skipping gulp-sourcemaps@^1.6.0 /Users/gmwang/GitHub/Techbridge
148 verbose already installed skipping gulp-uglify@^1.5.3 /Users/gmwang/GitHub/Techbridge
149 verbose already installed skipping rimraf@^2.5.1 /Users/gmwang/GitHub/Techbridge
150 verbose already installed skipping run-sequence@^1.1.5 /Users/gmwang/GitHub/Techbridge
151 verbose already installed skipping vinyl-buffer@^1.0.0 /Users/gmwang/GitHub/Techbridge
152 verbose already installed skipping vinyl-source-stream@^1.1.0 /Users/gmwang/GitHub/Techbridge
153 verbose already installed skipping watchify@^3.7.0 /Users/gmwang/GitHub/Techbridge
154 verbose already installed skipping babel@^6.3.26 /Users/gmwang/GitHub/Techbridge
155 verbose already installed skipping babel-plugin-es6-promise@^1.0.0 /Users/gmwang/GitHub/Techbridge
156 verbose already installed skipping babel-plugin-react-intl@^2.1.1 /Users/gmwang/GitHub/Techbridge
157 verbose already installed skipping compression@^1.6.1 /Users/gmwang/GitHub/Techbridge
158 verbose already installed skipping es6-promise@^3.2.1 /Users/gmwang/GitHub/Techbridge
159 verbose already installed skipping express@^4.13.4 /Users/gmwang/GitHub/Techbridge
160 verbose already installed skipping express-handlebars@^3.0.0 /Users/gmwang/GitHub/Techbridge
161 verbose already installed skipping history@^3.0.0 /Users/gmwang/GitHub/Techbridge
162 verbose already installed skipping pre-push@^0.1.1 /Users/gmwang/GitHub/Techbridge
163 verbose already installed skipping react@^15.0.2 /Users/gmwang/GitHub/Techbridge
164 verbose already installed skipping react-dom@^15.0.1 /Users/gmwang/GitHub/Techbridge
165 verbose already installed skipping react-intl@^2.0.0 /Users/gmwang/GitHub/Techbridge
166 verbose already installed skipping react-redux@^4.4.5 /Users/gmwang/GitHub/Techbridge
167 verbose already installed skipping react-router@^2.5.2 /Users/gmwang/GitHub/Techbridge
168 verbose already installed skipping redux@^3.5.1 /Users/gmwang/GitHub/Techbridge
169 verbose already installed skipping redux-thunk@^2.1.0 /Users/gmwang/GitHub/Techbridge
170 verbose already installed skipping request@^2.67.0 /Users/gmwang/GitHub/Techbridge
171 verbose already installed skipping babel-cli@^6.6.5 /Users/gmwang/GitHub/Techbridge
172 verbose already installed skipping babel-core@^6.5.2 /Users/gmwang/GitHub/Techbridge
173 verbose already installed skipping babel-eslint@^6.0.4 /Users/gmwang/GitHub/Techbridge
174 verbose already installed skipping babel-plugin-transform-class-properties@^6.9.1 /Users/gmwang/GitHub/Techbridge
175 silly install resolved []
176 info build /Users/gmwang/GitHub/Techbridge
177 info linkStuff rolemodels@0.0.1
178 silly linkStuff rolemodels@0.0.1 has /Users/gmwang/GitHub as its parent node_modules
179 verbose linkBins rolemodels@0.0.1
180 verbose linkMans rolemodels@0.0.1
181 verbose rebuildBundles rolemodels@0.0.1
182 verbose rebuildBundles [ '.bin',
182 verbose rebuildBundles   'babel',
182 verbose rebuildBundles   'babel-cli',
182 verbose rebuildBundles   'babel-core',
182 verbose rebuildBundles   'babel-eslint',
182 verbose rebuildBundles   'babel-plugin-es6-promise',
182 verbose rebuildBundles   'babel-plugin-react-intl',
182 verbose rebuildBundles   'babel-plugin-transform-class-properties',
182 verbose rebuildBundles   'babel-plugin-transform-decorators-legacy',
182 verbose rebuildBundles   'babel-plugin-transform-es2015-classes',
182 verbose rebuildBundles   'babel-plugin-transform-object-assign',
182 verbose rebuildBundles   'babel-plugin-transform-proto-to-assign',
182 verbose rebuildBundles   'babel-preset-es2015',
182 verbose rebuildBundles   'babel-preset-react',
182 verbose rebuildBundles   'babel-preset-stage-0',
182 verbose rebuildBundles   'babelify',
182 verbose rebuildBundles   'browser-sync',
182 verbose rebuildBundles   'browserify',
182 verbose rebuildBundles   'compression',
182 verbose rebuildBundles   'es6-promise',
182 verbose rebuildBundles   'eslint',
182 verbose rebuildBundles   'eslint-plugin-import',
182 verbose rebuildBundles   'eslint-plugin-react',
182 verbose rebuildBundles   'event-stream',
182 verbose rebuildBundles   'express',
182 verbose rebuildBundles   'express-handlebars',
182 verbose rebuildBundles   'fs',
182 verbose rebuildBundles   'glob',
182 verbose rebuildBundles   'gulp',
182 verbose rebuildBundles   'gulp-autoprefixer',
182 verbose rebuildBundles   'gulp-concat',
182 verbose rebuildBundles   'gulp-eslint',
182 verbose rebuildBundles   'gulp-nodemon',
182 verbose rebuildBundles   'gulp-notify',
182 verbose rebuildBundles   'gulp-sass',
182 verbose rebuildBundles   'gulp-sourcemaps',
182 verbose rebuildBundles   'gulp-uglify',
182 verbose rebuildBundles   'history',
182 verbose rebuildBundles   'pre-push',
182 verbose rebuildBundles   'react',
182 verbose rebuildBundles   'react-dom',
182 verbose rebuildBundles   'react-intl',
182 verbose rebuildBundles   'react-redux',
182 verbose rebuildBundles   'react-router',
182 verbose rebuildBundles   'redux',
182 verbose rebuildBundles   'redux-thunk',
182 verbose rebuildBundles   'request',
182 verbose rebuildBundles   'rimraf',
182 verbose rebuildBundles   'run-sequence',
182 verbose rebuildBundles   'vinyl-buffer',
182 verbose rebuildBundles   'vinyl-source-stream',
182 verbose rebuildBundles   'watchify' ]
183 info install rolemodels@0.0.1
184 info postinstall rolemodels@0.0.1
185 verbose unsafe-perm in lifecycle true
186 info rolemodels@0.0.1 Failed to exec postinstall script
187 verbose stack Error: rolemodels@0.0.1 postinstall: `gulp build`
187 verbose stack Exit status 1
187 verbose stack     at EventEmitter.<anonymous> (/usr/local/lib/node_modules/npm/lib/utils/lifecycle.js:214:16)
187 verbose stack     at emitTwo (events.js:87:13)
187 verbose stack     at EventEmitter.emit (events.js:172:7)
187 verbose stack     at ChildProcess.<anonymous> (/usr/local/lib/node_modules/npm/lib/utils/spawn.js:24:14)
187 verbose stack     at emitTwo (events.js:87:13)
187 verbose stack     at ChildProcess.emit (events.js:172:7)
187 verbose stack     at maybeClose (internal/child_process.js:821:16)
187 verbose stack     at Process.ChildProcess._handle.onexit (internal/child_process.js:211:5)
188 verbose pkgid rolemodels@0.0.1
189 verbose cwd /Users/gmwang/GitHub/Techbridge
190 error Darwin 15.5.0
191 error argv "/usr/local/bin/node" "/usr/local/bin/npm" "install"
192 error node v4.3.0
193 error npm  v2.14.12
194 error code ELIFECYCLE
195 error rolemodels@0.0.1 postinstall: `gulp build`
195 error Exit status 1
196 error Failed at the rolemodels@0.0.1 postinstall script 'gulp build'.
196 error This is most likely a problem with the rolemodels package,
196 error not with npm itself.
196 error Tell the author that this fails on your system:
196 error     gulp build
196 error You can get their info via:
196 error     npm owner ls rolemodels
196 error There is likely additional logging output above.
197 verbose exit [ 1, true ]
